[debug] [2025-12-03T00:36:39.743Z] ----------------------------------------------------------------------
[debug] [2025-12-03T00:36:39.752Z] Command:       C:\Program Files\nodejs\node.exe C:\Users\mzwin\AppData\Roaming\npm\node_modules\firebase-tools\lib\bin\firebase.js deploy --only functions
[debug] [2025-12-03T00:36:39.752Z] CLI Version:   14.26.0
[debug] [2025-12-03T00:36:39.752Z] Platform:      win32
[debug] [2025-12-03T00:36:39.752Z] Node Version:  v22.16.0
[debug] [2025-12-03T00:36:39.752Z] Time:          Tue Dec 02 2025 16:36:39 GMT-0800 (Pacific Standard Time)
[debug] [2025-12-03T00:36:39.753Z] ----------------------------------------------------------------------
[debug] 
[debug] [2025-12-03T00:36:39.755Z] >>> [apiv2][query] GET https://firebase-public.firebaseio.com/cli.json [none]
[debug] [2025-12-03T00:36:40.010Z] > command requires scopes: ["email","openid","https://www.googleapis.com/auth/cloudplatformprojects.readonly","https://www.googleapis.com/auth/firebase","https://www.googleapis.com/auth/cloud-platform"]
[debug] [2025-12-03T00:36:40.010Z] > authorizing via signed-in user (mzwin3545@gmail.com)
[debug] [2025-12-03T00:36:40.010Z] [iam] checking project ampac-mobile for permissions ["cloudfunctions.functions.create","cloudfunctions.functions.delete","cloudfunctions.functions.get","cloudfunctions.functions.list","cloudfunctions.functions.update","cloudfunctions.operations.get","firebase.projects.get"]
[debug] [2025-12-03T00:36:40.011Z] Checked if tokens are valid: false, expires at: 1764658018349
[debug] [2025-12-03T00:36:40.011Z] Checked if tokens are valid: false, expires at: 1764658018349
[debug] [2025-12-03T00:36:40.011Z] > refreshing access token with scopes: []
[debug] [2025-12-03T00:36:40.012Z] >>> [apiv2][query] POST https://www.googleapis.com/oauth2/v3/token [none]
[debug] [2025-12-03T00:36:40.012Z] >>> [apiv2][body] POST https://www.googleapis.com/oauth2/v3/token [omitted]
[debug] [2025-12-03T00:36:40.123Z] <<< [apiv2][status] POST https://www.googleapis.com/oauth2/v3/token 200
[debug] [2025-12-03T00:36:40.123Z] <<< [apiv2][body] POST https://www.googleapis.com/oauth2/v3/token [omitted]
[debug] [2025-12-03T00:36:40.135Z] >>> [apiv2][query] POST https://cloudresourcemanager.googleapis.com/v1/projects/ampac-mobile:testIamPermissions [none]
[debug] [2025-12-03T00:36:40.135Z] >>> [apiv2][(partial)header] POST https://cloudresourcemanager.googleapis.com/v1/projects/ampac-mobile:testIamPermissions x-goog-quota-user=projects/ampac-mobile
[debug] [2025-12-03T00:36:40.135Z] >>> [apiv2][body] POST https://cloudresourcemanager.googleapis.com/v1/projects/ampac-mobile:testIamPermissions {"permissions":["cloudfunctions.functions.create","cloudfunctions.functions.delete","cloudfunctions.functions.get","cloudfunctions.functions.list","cloudfunctions.functions.update","cloudfunctions.operations.get","firebase.projects.get"]}
[debug] [2025-12-03T00:36:40.140Z] <<< [apiv2][status] GET https://firebase-public.firebaseio.com/cli.json 200
[debug] [2025-12-03T00:36:40.140Z] <<< [apiv2][body] GET https://firebase-public.firebaseio.com/cli.json {"cloudBuildErrorAfter":1594252800000,"cloudBuildWarnAfter":1590019200000,"defaultNode10After":1594252800000,"minVersion":"3.0.5","node8DeploysDisabledAfter":1613390400000,"node8RuntimeDisabledAfter":1615809600000,"node8WarnAfter":1600128000000}
[debug] [2025-12-03T00:36:40.367Z] <<< [apiv2][status] POST https://cloudresourcemanager.googleapis.com/v1/projects/ampac-mobile:testIamPermissions 200
[debug] [2025-12-03T00:36:40.367Z] <<< [apiv2][body] POST https://cloudresourcemanager.googleapis.com/v1/projects/ampac-mobile:testIamPermissions {"permissions":["cloudfunctions.functions.create","cloudfunctions.functions.delete","cloudfunctions.functions.get","cloudfunctions.functions.list","cloudfunctions.functions.update","cloudfunctions.operations.get","firebase.projects.get"]}
[debug] [2025-12-03T00:36:40.368Z] Checked if tokens are valid: true, expires at: 1764725799124
[debug] [2025-12-03T00:36:40.368Z] Checked if tokens are valid: true, expires at: 1764725799124
[debug] [2025-12-03T00:36:40.368Z] >>> [apiv2][query] POST https://iam.googleapis.com/v1/projects/ampac-mobile/serviceAccounts/ampac-mobile@appspot.gserviceaccount.com:testIamPermissions [none]
[debug] [2025-12-03T00:36:40.368Z] >>> [apiv2][body] POST https://iam.googleapis.com/v1/projects/ampac-mobile/serviceAccounts/ampac-mobile@appspot.gserviceaccount.com:testIamPermissions {"permissions":["iam.serviceAccounts.actAs"]}
[debug] [2025-12-03T00:36:40.685Z] <<< [apiv2][status] POST https://iam.googleapis.com/v1/projects/ampac-mobile/serviceAccounts/ampac-mobile@appspot.gserviceaccount.com:testIamPermissions 200
[debug] [2025-12-03T00:36:40.685Z] <<< [apiv2][body] POST https://iam.googleapis.com/v1/projects/ampac-mobile/serviceAccounts/ampac-mobile@appspot.gserviceaccount.com:testIamPermissions {"permissions":["iam.serviceAccounts.actAs"]}
[info] 
[info] === Deploying to 'ampac-mobile'...
[info] 
[info] i  deploying functions 
[info] Running command: npm --prefix "$RESOURCE_DIR" run build
[info] +  functions: Finished running predeploy script. 
[debug] [2025-12-03T00:36:47.938Z] Checked if tokens are valid: true, expires at: 1764725799124
[debug] [2025-12-03T00:36:47.938Z] Checked if tokens are valid: true, expires at: 1764725799124
[debug] [2025-12-03T00:36:47.938Z] >>> [apiv2][query] GET https://cloudresourcemanager.googleapis.com/v1/projects/ampac-mobile [none]
[debug] [2025-12-03T00:36:48.192Z] <<< [apiv2][status] GET https://cloudresourcemanager.googleapis.com/v1/projects/ampac-mobile 200
[debug] [2025-12-03T00:36:48.192Z] <<< [apiv2][body] GET https://cloudresourcemanager.googleapis.com/v1/projects/ampac-mobile {"projectNumber":"194431812308","projectId":"ampac-mobile","lifecycleState":"ACTIVE","name":"Ampac Mobile","labels":{"firebase":"enabled","firebase-core":"disabled"},"createTime":"2025-11-26T01:49:20.534058Z"}
[info] i  functions: preparing codebase default for deployment 
[info] i  functions: ensuring required API cloudfunctions.googleapis.com is enabled... 
[info] i  functions: ensuring required API cloudbuild.googleapis.com is enabled... 
[info] i  artifactregistry: ensuring required API artifactregistry.googleapis.com is enabled... 
[debug] [2025-12-03T00:36:48.196Z] Checked if tokens are valid: true, expires at: 1764725799124
[debug] [2025-12-03T00:36:48.196Z] Checked if tokens are valid: true, expires at: 1764725799124
[debug] [2025-12-03T00:36:48.197Z] >>> [apiv2][query] GET https://firebase.googleapis.com/v1beta1/projects/ampac-mobile/adminSdkConfig [none]
[debug] [2025-12-03T00:36:48.467Z] <<< [apiv2][status] GET https://firebase.googleapis.com/v1beta1/projects/ampac-mobile/adminSdkConfig 200
[debug] [2025-12-03T00:36:48.468Z] <<< [apiv2][body] GET https://firebase.googleapis.com/v1beta1/projects/ampac-mobile/adminSdkConfig {"projectId":"ampac-mobile","storageBucket":"ampac-mobile.firebasestorage.app"}
[debug] [2025-12-03T00:36:48.468Z] Checked if tokens are valid: true, expires at: 1764725799124
[debug] [2025-12-03T00:36:48.468Z] Checked if tokens are valid: true, expires at: 1764725799124
[debug] [2025-12-03T00:36:48.468Z] >>> [apiv2][query] GET https://runtimeconfig.googleapis.com/v1beta1/projects/ampac-mobile/configs [none]
[debug] [2025-12-03T00:36:48.680Z] <<< [apiv2][status] GET https://runtimeconfig.googleapis.com/v1beta1/projects/ampac-mobile/configs 200
[debug] [2025-12-03T00:36:48.681Z] <<< [apiv2][body] GET https://runtimeconfig.googleapis.com/v1beta1/projects/ampac-mobile/configs {}
[debug] [2025-12-03T00:36:48.682Z] Validating nodejs source
[debug] [2025-12-03T00:36:49.764Z] > [functions] package.json contents: {
  "name": "functions",
  "scripts": {
    "lint": "eslint --ext .js,.ts .",
    "build": "tsc",
    "build:watch": "tsc --watch",
    "serve": "npm run build && firebase emulators:start --only functions",
    "shell": "npm run build && firebase functions:shell",
    "start": "npm run shell",
    "deploy": "firebase deploy --only functions",
    "logs": "firebase functions:log"
  },
  "engines": {
    "node": "20"
  },
  "main": "lib/index.js",
  "dependencies": {
    "express": "^5.1.0",
    "firebase-admin": "^13.6.0",
    "firebase-functions": "^7.0.0",
    "genkit": "^1.24.0"
  },
  "devDependencies": {
    "@typescript-eslint/eslint-plugin": "^5.12.0",
    "@typescript-eslint/parser": "^5.12.0",
    "eslint": "^8.9.0",
    "eslint-config-google": "^0.14.0",
    "eslint-plugin-import": "^2.25.4",
    "firebase-functions-test": "^3.4.1",
    "tsx": "^4.20.6",
    "typescript": "^5.9.3"
  },
  "private": true
}
[debug] [2025-12-03T00:36:49.765Z] Building nodejs source
[info] i  functions: Loading and analyzing source code for codebase default to determine what to deploy 
[debug] [2025-12-03T00:36:49.766Z] Could not find functions.yaml. Must use http discovery
[debug] [2025-12-03T00:36:49.775Z] Found firebase-functions binary at 'C:\Users\mzwin\AmPac\apps\mobile\functions\node_modules\.bin\firebase-functions'
[info] Serving at port 8124

[debug] [2025-12-03T00:36:51.365Z] Got response from /__/functions.yaml {"endpoints":{"serveWebsite":{"availableMemoryMb":null,"timeoutSeconds":null,"minInstances":null,"maxInstances":10,"ingressSettings":null,"concurrency":null,"serviceAccountEmail":null,"vpc":null,"platform":"gcfv2","labels":{},"httpsTrigger":{},"entryPoint":"serveWebsite"},"onApplicationUpdate":{"platform":"gcfv1","availableMemoryMb":null,"timeoutSeconds":null,"minInstances":null,"maxInstances":null,"ingressSettings":null,"serviceAccountEmail":null,"vpc":null,"eventTrigger":{"eventType":"providers/cloud.firestore/eventTypes/document.update","eventFilters":{"resource":"projects/ampac-mobile/databases/(default)/documents/applications/{appId}"},"retry":false},"labels":{},"entryPoint":"onApplicationUpdate"}},"specVersion":"v1alpha1","requiredAPIs":[],"extensions":{}}
[info] i  extensions: ensuring required API firebaseextensions.googleapis.com is enabled... 
[debug] [2025-12-03T00:36:55.404Z] > command requires scopes: ["email","openid","https://www.googleapis.com/auth/cloudplatformprojects.readonly","https://www.googleapis.com/auth/firebase","https://www.googleapis.com/auth/cloud-platform"]
[debug] [2025-12-03T00:36:55.404Z] > authorizing via signed-in user (mzwin3545@gmail.com)
[debug] [2025-12-03T00:36:55.404Z] [iam] checking project ampac-mobile for permissions ["firebase.projects.get","firebaseextensions.instances.list"]
[debug] [2025-12-03T00:36:55.404Z] Checked if tokens are valid: true, expires at: 1764725799124
[debug] [2025-12-03T00:36:55.404Z] Checked if tokens are valid: true, expires at: 1764725799124
[debug] [2025-12-03T00:36:55.404Z] >>> [apiv2][query] POST https://cloudresourcemanager.googleapis.com/v1/projects/ampac-mobile:testIamPermissions [none]
[debug] [2025-12-03T00:36:55.404Z] >>> [apiv2][(partial)header] POST https://cloudresourcemanager.googleapis.com/v1/projects/ampac-mobile:testIamPermissions x-goog-quota-user=projects/ampac-mobile
[debug] [2025-12-03T00:36:55.404Z] >>> [apiv2][body] POST https://cloudresourcemanager.googleapis.com/v1/projects/ampac-mobile:testIamPermissions {"permissions":["firebase.projects.get","firebaseextensions.instances.list"]}
[debug] [2025-12-03T00:36:55.615Z] <<< [apiv2][status] POST https://cloudresourcemanager.googleapis.com/v1/projects/ampac-mobile:testIamPermissions 200
[debug] [2025-12-03T00:36:55.615Z] <<< [apiv2][body] POST https://cloudresourcemanager.googleapis.com/v1/projects/ampac-mobile:testIamPermissions {"permissions":["firebase.projects.get","firebaseextensions.instances.list"]}
[debug] [2025-12-03T00:36:55.616Z] Checked if tokens are valid: true, expires at: 1764725799124
[debug] [2025-12-03T00:36:55.616Z] Checked if tokens are valid: true, expires at: 1764725799124
[debug] [2025-12-03T00:36:55.616Z] >>> [apiv2][query] GET https://firebaseextensions.googleapis.com/v1beta/projects/ampac-mobile/instances pageSize=100&pageToken=
[debug] [2025-12-03T00:36:56.063Z] <<< [apiv2][status] GET https://firebaseextensions.googleapis.com/v1beta/projects/ampac-mobile/instances 200
[debug] [2025-12-03T00:36:56.063Z] <<< [apiv2][body] GET https://firebaseextensions.googleapis.com/v1beta/projects/ampac-mobile/instances {}
[info] i  functions: preparing functions directory for uploading... 
[info] i  functions: packaged C:\Users\mzwin\AmPac\apps\mobile\functions (135.36 KB) for uploading 
[info] i  functions: packaged C:\Users\mzwin\AmPac\apps\mobile\functions (135.57 KB) for uploading 
[debug] [2025-12-03T00:36:56.164Z] Checked if tokens are valid: true, expires at: 1764725799124
[debug] [2025-12-03T00:36:56.165Z] Checked if tokens are valid: true, expires at: 1764725799124
[debug] [2025-12-03T00:36:56.165Z] >>> [apiv2][query] GET https://cloudfunctions.googleapis.com/v1/projects/ampac-mobile/locations/-/functions [none]
[debug] [2025-12-03T00:36:56.703Z] <<< [apiv2][status] GET https://cloudfunctions.googleapis.com/v1/projects/ampac-mobile/locations/-/functions 200
[debug] [2025-12-03T00:36:56.703Z] <<< [apiv2][body] GET https://cloudfunctions.googleapis.com/v1/projects/ampac-mobile/locations/-/functions {"functions":[{"name":"projects/ampac-mobile/locations/us-central1/functions/onApplicationUpdate","eventTrigger":{"eventType":"providers/cloud.firestore/eventTypes/document.update","resource":"projects/ampac-mobile/databases/(default)/documents/applications/{appId}","service":"firestore.googleapis.com","failurePolicy":{}},"status":"ACTIVE","entryPoint":"onApplicationUpdate","timeout":"60s","availableMemoryMb":256,"serviceAccountEmail":"ampac-mobile@appspot.gserviceaccount.com","updateTime":"2025-11-28T06:31:25.888Z","versionId":"3","labels":{"deployment-tool":"cli-firebase","firebase-functions-hash":"fef2c5264e3efeb986ebff302aa88cded0d7f1c6"},"sourceUploadUrl":"https://storage.googleapis.com/uploads-359635511498.us-central1.cloudfunctions.appspot.com/561497dd-e422-4ae9-ae87-8e50c68f18da.zip","environmentVariables":{"FIREBASE_CONFIG":"{\"projectId\":\"ampac-mobile\",\"storageBucket\":\"ampac-mobile.firebasestorage.app\"}","GCLOUD_PROJECT":"ampac-mobile","EVENTARC_CLOUD_EVENT_SOURCE":"projects/ampac-mobile/locations/us-central1/functions/onApplicationUpdate"},"runtime":"nodejs20","maxInstances":3000,"ingressSettings":"ALLOW_ALL","buildId":"da48d853-649a-4fd0-9966-83b0d2830ab7","buildEnvironmentVariables":{"GOOGLE_NODE_RUN_SCRIPTS":""},"buildName":"projects/194431812308/locations/us-central1/builds/da48d853-649a-4fd0-9966-83b0d2830ab7","dockerRegistry":"ARTIFACT_REGISTRY","automaticUpdatePolicy":{},"buildServiceAccount":"projects/ampac-mobile/serviceAccounts/194431812308-compute@developer.gserviceaccount.com","satisfiesPzi":true},{"name":"projects/ampac-mobile/locations/us-central1/functions/onUserCreate","eventTrigger":{"eventType":"providers/firebase.auth/eventTypes/user.create","resource":"projects/ampac-mobile","service":"firebaseauth.googleapis.com","failurePolicy":{}},"status":"UNKNOWN","entryPoint":"onUserCreate","timeout":"60s","availableMemoryMb":256,"serviceAccountEmail":"ampac-mobile@appspot.gserviceaccount.com","updateTime":"2025-11-28T03:41:57.595Z","versionId":"2","labels":{"deployment-tool":"cli-firebase","firebase-functions-hash":"6d617c163a6b243069b47fd82548543547c78e9b"},"sourceUploadUrl":"https://storage.googleapis.com/uploads-359635511498.us-central1.cloudfunctions.appspot.com/5de93ee1-95d5-4f4d-ad9c-f61d213028d3.zip","environmentVariables":{"FIREBASE_CONFIG":"{\"projectId\":\"ampac-mobile\",\"storageBucket\":\"ampac-mobile.firebasestorage.app\"}","GCLOUD_PROJECT":"ampac-mobile","EVENTARC_CLOUD_EVENT_SOURCE":"projects/ampac-mobile/locations/us-central1/functions/onUserCreate"},"runtime":"nodejs20","maxInstances":3000,"ingressSettings":"ALLOW_ALL","buildId":"b32ee6ab-1098-43eb-9f1e-f385c2bccba3","buildEnvironmentVariables":{"GOOGLE_NODE_RUN_SCRIPTS":""},"buildName":"projects/194431812308/locations/us-central1/builds/b32ee6ab-1098-43eb-9f1e-f385c2bccba3","dockerRegistry":"ARTIFACT_REGISTRY","automaticUpdatePolicy":{},"buildServiceAccount":"projects/ampac-mobile/serviceAccounts/194431812308-compute@developer.gserviceaccount.com","satisfiesPzi":true}]}
[debug] [2025-12-03T00:36:56.704Z] Checked if tokens are valid: true, expires at: 1764725799124
[debug] [2025-12-03T00:36:56.704Z] Checked if tokens are valid: true, expires at: 1764725799124
[debug] [2025-12-03T00:36:56.705Z] >>> [apiv2][query] GET https://cloudfunctions.googleapis.com/v2/projects/ampac-mobile/locations/-/functions filter=environment%3D%22GEN_2%22
[debug] [2025-12-03T00:36:57.271Z] <<< [apiv2][status] GET https://cloudfunctions.googleapis.com/v2/projects/ampac-mobile/locations/-/functions 200
[debug] [2025-12-03T00:36:57.271Z] <<< [apiv2][body] GET https://cloudfunctions.googleapis.com/v2/projects/ampac-mobile/locations/-/functions {"functions":[{"name":"projects/ampac-mobile/locations/us-central1/functions/serveWebsite","buildConfig":{"build":"projects/194431812308/locations/us-central1/builds/2491970e-2f0c-408d-b293-26c1a881b929","runtime":"nodejs20","entryPoint":"serveWebsite","source":{"storageSource":{"bucket":"gcf-v2-sources-194431812308-us-central1","object":"serveWebsite/function-source.zip","generation":"1764536307643628"}},"environmentVariables":{"GOOGLE_NODE_RUN_SCRIPTS":""},"dockerRepository":"projects/ampac-mobile/locations/us-central1/repositories/gcf-artifacts","sourceProvenance":{"resolvedStorageSource":{"bucket":"gcf-v2-sources-194431812308-us-central1","object":"serveWebsite/function-source.zip","generation":"1764536307643628"}},"dockerRegistry":"ARTIFACT_REGISTRY","serviceAccount":"projects/ampac-mobile/serviceAccounts/194431812308-compute@developer.gserviceaccount.com","automaticUpdatePolicy":{}},"serviceConfig":{"service":"projects/ampac-mobile/locations/us-central1/services/servewebsite","timeoutSeconds":60,"environmentVariables":{"FIREBASE_CONFIG":"{\"projectId\":\"ampac-mobile\",\"storageBucket\":\"ampac-mobile.firebasestorage.app\"}","GCLOUD_PROJECT":"ampac-mobile","EVENTARC_CLOUD_EVENT_SOURCE":"projects/ampac-mobile/locations/us-central1/services/serveWebsite","FUNCTION_TARGET":"serveWebsite","LOG_EXECUTION_ID":"true"},"maxInstanceCount":10,"ingressSettings":"ALLOW_ALL","uri":"https://servewebsite-dcemnfu7za-uc.a.run.app","serviceAccountEmail":"194431812308-compute@developer.gserviceaccount.com","availableMemory":"256Mi","allTrafficOnLatestRevision":true,"revision":"servewebsite-00001-xel","maxInstanceRequestConcurrency":80,"availableCpu":"1"},"state":"ACTIVE","updateTime":"2025-11-30T21:01:53.081497312Z","labels":{"deployment-tool":"cli-firebase","firebase-functions-hash":"5daba44b03fc8382183404a7f17566e18e69c738"},"environment":"GEN_2","url":"https://us-central1-ampac-mobile.cloudfunctions.net/serveWebsite","createTime":"2025-11-30T20:58:27.880732891Z","satisfiesPzi":true}]}
[info] i  functions: ensuring required API run.googleapis.com is enabled... 
[info] i  functions: ensuring required API eventarc.googleapis.com is enabled... 
[info] i  functions: ensuring required API pubsub.googleapis.com is enabled... 
[info] i  functions: ensuring required API storage.googleapis.com is enabled... 
[info] i  functions: generating the service identity for pubsub.googleapis.com... 
[debug] [2025-12-03T00:36:57.276Z] Checked if tokens are valid: true, expires at: 1764725799124
[debug] [2025-12-03T00:36:57.276Z] Checked if tokens are valid: true, expires at: 1764725799124
[info] i  functions: generating the service identity for eventarc.googleapis.com... 
[debug] [2025-12-03T00:36:57.276Z] Checked if tokens are valid: true, expires at: 1764725799124
[debug] [2025-12-03T00:36:57.276Z] Checked if tokens are valid: true, expires at: 1764725799124
[debug] [2025-12-03T00:36:57.276Z] >>> [apiv2][query] POST https://serviceusage.googleapis.com/v1beta1/projects/194431812308/services/pubsub.googleapis.com:generateServiceIdentity [none]
[debug] [2025-12-03T00:36:57.276Z] >>> [apiv2][(partial)header] POST https://serviceusage.googleapis.com/v1beta1/projects/194431812308/services/pubsub.googleapis.com:generateServiceIdentity x-goog-quota-user=projects/194431812308
[debug] [2025-12-03T00:36:57.276Z] >>> [apiv2][body] POST https://serviceusage.googleapis.com/v1beta1/projects/194431812308/services/pubsub.googleapis.com:generateServiceIdentity {}
[debug] [2025-12-03T00:36:57.278Z] >>> [apiv2][query] POST https://serviceusage.googleapis.com/v1beta1/projects/194431812308/services/eventarc.googleapis.com:generateServiceIdentity [none]
[debug] [2025-12-03T00:36:57.278Z] >>> [apiv2][(partial)header] POST https://serviceusage.googleapis.com/v1beta1/projects/194431812308/services/eventarc.googleapis.com:generateServiceIdentity x-goog-quota-user=projects/194431812308
[debug] [2025-12-03T00:36:57.278Z] >>> [apiv2][body] POST https://serviceusage.googleapis.com/v1beta1/projects/194431812308/services/eventarc.googleapis.com:generateServiceIdentity {}
[debug] [2025-12-03T00:36:57.777Z] <<< [apiv2][status] POST https://serviceusage.googleapis.com/v1beta1/projects/194431812308/services/pubsub.googleapis.com:generateServiceIdentity 200
[debug] [2025-12-03T00:36:57.778Z] <<< [apiv2][body] POST https://serviceusage.googleapis.com/v1beta1/projects/194431812308/services/pubsub.googleapis.com:generateServiceIdentity {"name":"operations/finished.DONE_OPERATION","done":true,"response":{"@type":"type.googleapis.com/google.api.serviceusage.v1beta1.ServiceIdentity","email":"service-194431812308@gcp-sa-pubsub.iam.gserviceaccount.com","uniqueId":"102429431483049673027"}}
[debug] [2025-12-03T00:36:57.778Z] <<< [apiv2][status] POST https://serviceusage.googleapis.com/v1beta1/projects/194431812308/services/eventarc.googleapis.com:generateServiceIdentity 200
[debug] [2025-12-03T00:36:57.778Z] <<< [apiv2][body] POST https://serviceusage.googleapis.com/v1beta1/projects/194431812308/services/eventarc.googleapis.com:generateServiceIdentity {"name":"operations/finished.DONE_OPERATION","done":true,"response":{"@type":"type.googleapis.com/google.api.serviceusage.v1beta1.ServiceIdentity","email":"service-194431812308@gcp-sa-eventarc.iam.gserviceaccount.com","uniqueId":"113600684433501339357"}}
[debug] [2025-12-03T00:36:57.780Z] Checked if tokens are valid: true, expires at: 1764725799124
[debug] [2025-12-03T00:36:57.780Z] Checked if tokens are valid: true, expires at: 1764725799124
[debug] [2025-12-03T00:36:57.780Z] >>> [apiv2][query] GET https://cloudresourcemanager.googleapis.com/v1/projects/ampac-mobile [none]
[debug] [2025-12-03T00:36:57.885Z] <<< [apiv2][status] GET https://cloudresourcemanager.googleapis.com/v1/projects/ampac-mobile 200
[debug] [2025-12-03T00:36:57.885Z] <<< [apiv2][body] GET https://cloudresourcemanager.googleapis.com/v1/projects/ampac-mobile {"projectNumber":"194431812308","projectId":"ampac-mobile","lifecycleState":"ACTIVE","name":"Ampac Mobile","labels":{"firebase":"enabled","firebase-core":"disabled"},"createTime":"2025-11-26T01:49:20.534058Z"}
[debug] [2025-12-03T00:36:57.885Z] Checked if tokens are valid: true, expires at: 1764725799124
[debug] [2025-12-03T00:36:57.885Z] Checked if tokens are valid: true, expires at: 1764725799124
[debug] [2025-12-03T00:36:57.885Z] >>> [apiv2][query] GET https://compute.googleapis.com/compute/v1/projects/194431812308 [none]
[debug] [2025-12-03T00:36:58.025Z] <<< [apiv2][status] GET https://compute.googleapis.com/compute/v1/projects/194431812308 403
[debug] [2025-12-03T00:36:58.025Z] <<< [apiv2][body] GET https://compute.googleapis.com/compute/v1/projects/194431812308 {"error":{"code":403,"message":"Compute Engine API has not been used in project 194431812308 before or it is disabled. Enable it by visiting https://console.developers.google.com/apis/api/compute.googleapis.com/overview?project=194431812308 then retry. If you enabled this API recently, wait a few minutes for the action to propagate to our systems and retry.","errors":[{"message":"Compute Engine API has not been used in project 194431812308 before or it is disabled. Enable it by visiting https://console.developers.google.com/apis/api/compute.googleapis.com/overview?project=194431812308 then retry. If you enabled this API recently, wait a few minutes for the action to propagate to our systems and retry.","domain":"usageLimits","reason":"accessNotConfigured","extendedHelp":"https://console.developers.google.com"}],"status":"PERMISSION_DENIED","details":[{"@type":"type.googleapis.com/google.rpc.ErrorInfo","reason":"SERVICE_DISABLED","domain":"googleapis.com","metadata":{"containerInfo":"194431812308","service":"compute.googleapis.com","consumer":"projects/194431812308","activationUrl":"https://console.developers.google.com/apis/api/compute.googleapis.com/overview?project=194431812308","serviceTitle":"Compute Engine API"}},{"@type":"type.googleapis.com/google.rpc.LocalizedMessage","locale":"en-US","message":"Compute Engine API has not been used in project 194431812308 before or it is disabled. Enable it by visiting https://console.developers.google.com/apis/api/compute.googleapis.com/overview?project=194431812308 then retry. If you enabled this API recently, wait a few minutes for the action to propagate to our systems and retry."},{"@type":"type.googleapis.com/google.rpc.Help","links":[{"description":"Google developers console API activation","url":"https://console.developers.google.com/apis/api/compute.googleapis.com/overview?project=194431812308"}]}]}}
[debug] [2025-12-03T00:36:58.025Z] unable to look up default compute service account. Falling back to 194431812308-compute@developer.gserviceaccount.com. Error: {"name":"FirebaseError","children":[],"context":{"body":{"error":{"code":403,"message":"Compute Engine API has not been used in project 194431812308 before or it is disabled. Enable it by visiting https://console.developers.google.com/apis/api/compute.googleapis.com/overview?project=194431812308 then retry. If you enabled this API recently, wait a few minutes for the action to propagate to our systems and retry.","errors":[{"message":"Compute Engine API has not been used in project 194431812308 before or it is disabled. Enable it by visiting https://console.developers.google.com/apis/api/compute.googleapis.com/overview?project=194431812308 then retry. If you enabled this API recently, wait a few minutes for the action to propagate to our systems and retry.","domain":"usageLimits","reason":"accessNotConfigured","extendedHelp":"https://console.developers.google.com"}],"status":"PERMISSION_DENIED","details":[{"@type":"type.googleapis.com/google.rpc.ErrorInfo","reason":"SERVICE_DISABLED","domain":"googleapis.com","metadata":{"containerInfo":"194431812308","service":"compute.googleapis.com","consumer":"projects/194431812308","activationUrl":"https://console.developers.google.com/apis/api/compute.googleapis.com/overview?project=194431812308","serviceTitle":"Compute Engine API"}},{"@type":"type.googleapis.com/google.rpc.LocalizedMessage","locale":"en-US","message":"Compute Engine API has not been used in project 194431812308 before or it is disabled. Enable it by visiting https://console.developers.google.com/apis/api/compute.googleapis.com/overview?project=194431812308 then retry. If you enabled this API recently, wait a few minutes for the action to propagate to our systems and retry."},{"@type":"type.googleapis.com/google.rpc.Help","links":[{"description":"Google developers console API activation","url":"https://console.developers.google.com/apis/api/compute.googleapis.com/overview?project=194431812308"}]}]}},"response":{"statusCode":403}},"exit":1,"message":"Request to https://compute.googleapis.com/compute/v1/projects/194431812308 had HTTP Error: 403, Compute Engine API has not been used in project 194431812308 before or it is disabled. Enable it by visiting https://console.developers.google.com/apis/api/compute.googleapis.com/overview?project=194431812308 then retry. If you enabled this API recently, wait a few minutes for the action to propagate to our systems and retry.","status":403}
[debug] [2025-12-03T00:36:58.026Z] Checked if tokens are valid: true, expires at: 1764725799124
[debug] [2025-12-03T00:36:58.026Z] Checked if tokens are valid: true, expires at: 1764725799124
[debug] [2025-12-03T00:36:58.026Z] >>> [apiv2][query] GET https://cloudbilling.googleapis.com/v1/projects/ampac-mobile/billingInfo [none]
[debug] [2025-12-03T00:36:58.347Z] <<< [apiv2][status] GET https://cloudbilling.googleapis.com/v1/projects/ampac-mobile/billingInfo 200
[debug] [2025-12-03T00:36:58.347Z] <<< [apiv2][body] GET https://cloudbilling.googleapis.com/v1/projects/ampac-mobile/billingInfo {"name":"projects/ampac-mobile/billingInfo","projectId":"ampac-mobile","billingAccountName":"billingAccounts/014414-FFD703-BE1448","billingEnabled":true}
[debug] [2025-12-03T00:36:58.348Z] Checked if tokens are valid: true, expires at: 1764725799124
[debug] [2025-12-03T00:36:58.348Z] Checked if tokens are valid: true, expires at: 1764725799124
[debug] [2025-12-03T00:36:58.348Z] Checked if tokens are valid: true, expires at: 1764725799124
[debug] [2025-12-03T00:36:58.348Z] Checked if tokens are valid: true, expires at: 1764725799124
[debug] [2025-12-03T00:36:58.349Z] >>> [apiv2][query] POST https://cloudfunctions.googleapis.com/v1/projects/ampac-mobile/locations/us-central1/functions:generateUploadUrl [none]
[debug] [2025-12-03T00:36:58.349Z] >>> [apiv2][body] POST https://cloudfunctions.googleapis.com/v1/projects/ampac-mobile/locations/us-central1/functions:generateUploadUrl {}
[debug] [2025-12-03T00:36:58.349Z] >>> [apiv2][query] POST https://cloudfunctions.googleapis.com/v2/projects/ampac-mobile/locations/us-central1/functions:generateUploadUrl [none]
[debug] [2025-12-03T00:36:58.745Z] <<< [apiv2][status] POST https://cloudfunctions.googleapis.com/v2/projects/ampac-mobile/locations/us-central1/functions:generateUploadUrl 200
[debug] [2025-12-03T00:36:58.745Z] <<< [apiv2][body] POST https://cloudfunctions.googleapis.com/v2/projects/ampac-mobile/locations/us-central1/functions:generateUploadUrl {"uploadUrl":"https://storage.googleapis.com/gcf-v2-uploads-194431812308.us-central1.cloudfunctions.appspot.com/0126f454-dd63-4d97-bf7e-9e62a285be52.zip?GoogleAccessId=service-194431812308@gcf-admin-robot.iam.gserviceaccount.com&Expires=1764724018&Signature=VJYizmtHiXSVJQjIdHO0Iya7TnNwITpybXDlsV2al8U7%2B%2ByIAp6HpaQQqECUJPLFu%2Fllhsj7JsXxPRXSpybMStZ9gwNxLXvwfKEZ8ZYN82uj3l4oswRdnEjL8mc%2BrduRFK5BGzQilsITuQs%2FSzme0ZqsRZ0Pd9wRIjoS3H7aaG1CbJiNcdK%2BJrtB7Vzm3EVQi69ovLnKb0qN16FkBBL0umyFCp%2Bhe%2BOakGQzvMA%2FKn3XE1FfJhXVII6IaB8O%2FwR0lMv%2BR0tQuo9Wyy4A24tFl76lV70rAU5ETAd73%2BCO6xF50n1IzF4gYRcQ6y9e5xZDf%2BajgnWY5IYaOJmKpCyu0g%3D%3D","storageSource":{"bucket":"gcf-v2-uploads-194431812308.us-central1.cloudfunctions.appspot.com","object":"0126f454-dd63-4d97-bf7e-9e62a285be52.zip"}}
[debug] [2025-12-03T00:36:58.746Z] >>> [apiv2][query] PUT https://storage.googleapis.com/gcf-v2-uploads-194431812308.us-central1.cloudfunctions.appspot.com/0126f454-dd63-4d97-bf7e-9e62a285be52.zip GoogleAccessId=service-194431812308%40gcf-admin-robot.iam.gserviceaccount.com&Expires=1764724018&Signature=VJYizmtHiXSVJQjIdHO0Iya7TnNwITpybXDlsV2al8U7%2B%2ByIAp6HpaQQqECUJPLFu%2Fllhsj7JsXxPRXSpybMStZ9gwNxLXvwfKEZ8ZYN82uj3l4oswRdnEjL8mc%2BrduRFK5BGzQilsITuQs%2FSzme0ZqsRZ0Pd9wRIjoS3H7aaG1CbJiNcdK%2BJrtB7Vzm3EVQi69ovLnKb0qN16FkBBL0umyFCp%2Bhe%2BOakGQzvMA%2FKn3XE1FfJhXVII6IaB8O%2FwR0lMv%2BR0tQuo9Wyy4A24tFl76lV70rAU5ETAd73%2BCO6xF50n1IzF4gYRcQ6y9e5xZDf%2BajgnWY5IYaOJmKpCyu0g%3D%3D
[debug] [2025-12-03T00:36:58.746Z] >>> [apiv2][body] PUT https://storage.googleapis.com/gcf-v2-uploads-194431812308.us-central1.cloudfunctions.appspot.com/0126f454-dd63-4d97-bf7e-9e62a285be52.zip [stream]
[debug] [2025-12-03T00:36:58.784Z] <<< [apiv2][status] POST https://cloudfunctions.googleapis.com/v1/projects/ampac-mobile/locations/us-central1/functions:generateUploadUrl 200
[debug] [2025-12-03T00:36:58.784Z] <<< [apiv2][body] POST https://cloudfunctions.googleapis.com/v1/projects/ampac-mobile/locations/us-central1/functions:generateUploadUrl {"uploadUrl":"https://storage.googleapis.com/uploads-359635511498.us-central1.cloudfunctions.appspot.com/daa484d6-979d-47a1-8155-5442b631bdc9.zip?GoogleAccessId=service-194431812308@gcf-admin-robot.iam.gserviceaccount.com&Expires=1764724018&Signature=Od%2FvNfHizLU%2FspVidzitK8H3n3NPAMn3a1x%2BAVFUFFbW10vYUmDXOTnfwIIhhomUT%2BVuuoarEjK4oXVW3vzfz6WlGyghnQK0Id106cxroJmkV%2BNXsyMap%2BPuRmJBn99vK5feMRFvYB5iKnULK1blnfLsE7w3Z3YOsNyankIzytb4OXauzYRqTiIXDG6j9JKC3Lw6kShw%2Fl5EjMP4DI5Jim5%2FhV%2FLF3CScC0IfW6WBSISkgUkryBue4EJEDSF4oM1LFDYKtGTfQabSebzg4kh4Xgbvfd%2BQFz2rpSzuzCfS%2FTF%2FTGxu1zRrnDOhc3VoCnalH7pNXmWqi6QygURpN2U2A%3D%3D"}
[debug] [2025-12-03T00:36:58.784Z] >>> [apiv2][query] PUT https://storage.googleapis.com/uploads-359635511498.us-central1.cloudfunctions.appspot.com/daa484d6-979d-47a1-8155-5442b631bdc9.zip GoogleAccessId=service-194431812308%40gcf-admin-robot.iam.gserviceaccount.com&Expires=1764724018&Signature=Od%2FvNfHizLU%2FspVidzitK8H3n3NPAMn3a1x%2BAVFUFFbW10vYUmDXOTnfwIIhhomUT%2BVuuoarEjK4oXVW3vzfz6WlGyghnQK0Id106cxroJmkV%2BNXsyMap%2BPuRmJBn99vK5feMRFvYB5iKnULK1blnfLsE7w3Z3YOsNyankIzytb4OXauzYRqTiIXDG6j9JKC3Lw6kShw%2Fl5EjMP4DI5Jim5%2FhV%2FLF3CScC0IfW6WBSISkgUkryBue4EJEDSF4oM1LFDYKtGTfQabSebzg4kh4Xgbvfd%2BQFz2rpSzuzCfS%2FTF%2FTGxu1zRrnDOhc3VoCnalH7pNXmWqi6QygURpN2U2A%3D%3D
[debug] [2025-12-03T00:36:58.784Z] >>> [apiv2][body] PUT https://storage.googleapis.com/uploads-359635511498.us-central1.cloudfunctions.appspot.com/daa484d6-979d-47a1-8155-5442b631bdc9.zip [stream]
[debug] [2025-12-03T00:36:58.974Z] <<< [apiv2][status] PUT https://storage.googleapis.com/gcf-v2-uploads-194431812308.us-central1.cloudfunctions.appspot.com/0126f454-dd63-4d97-bf7e-9e62a285be52.zip 200
[debug] [2025-12-03T00:36:58.974Z] <<< [apiv2][body] PUT https://storage.googleapis.com/gcf-v2-uploads-194431812308.us-central1.cloudfunctions.appspot.com/0126f454-dd63-4d97-bf7e-9e62a285be52.zip [omitted]
[debug] [2025-12-03T00:36:59.011Z] <<< [apiv2][status] PUT https://storage.googleapis.com/uploads-359635511498.us-central1.cloudfunctions.appspot.com/daa484d6-979d-47a1-8155-5442b631bdc9.zip 200
[debug] [2025-12-03T00:36:59.011Z] <<< [apiv2][body] PUT https://storage.googleapis.com/uploads-359635511498.us-central1.cloudfunctions.appspot.com/daa484d6-979d-47a1-8155-5442b631bdc9.zip [omitted]
[info] +  functions: functions source uploaded successfully 
[info] i  functions: Skipping the deploy of unchanged functions. 
[info] 
The following functions are found in your project but do not exist in your local source code:
	onUserCreate(us-central1)

If you are renaming a function or changing its region, it is recommended that you create the new function first before deleting the old one to prevent event loss. For more info, visit https://firebase.google.com/docs/functions/manage-functions#modify

[info] +  functions[serveWebsite(us-central1)] Skipped (No changes detected) 
[info] i  functions: updating Node.js 20 (1st Gen) function onApplicationUpdate(us-central1)... 
[info] i  functions: deleting Node.js 20 (1st Gen) function onUserCreate(us-central1)... 
[debug] [2025-12-03T00:37:08.894Z] Checked if tokens are valid: true, expires at: 1764725799124
[debug] [2025-12-03T00:37:08.894Z] Checked if tokens are valid: true, expires at: 1764725799124
[debug] [2025-12-03T00:37:08.895Z] Checked if tokens are valid: true, expires at: 1764725799124
[debug] [2025-12-03T00:37:08.895Z] Checked if tokens are valid: true, expires at: 1764725799124
[debug] [2025-12-03T00:37:08.895Z] >>> [apiv2][query] PATCH https://cloudfunctions.googleapis.com/v1/projects/ampac-mobile/locations/us-central1/functions/onApplicationUpdate updateMask=name%2CsourceUploadUrl%2CentryPoint%2Cruntime%2CdockerRegistry%2Clabels%2CeventTrigger.eventType%2CeventTrigger.resource%2CeventTrigger.failurePolicy%2CminInstances%2CmaxInstances%2CingressSettings%2CenvironmentVariables%2CserviceAccountEmail%2CavailableMemoryMb%2Ctimeout%2CvpcConnector%2CvpcConnectorEgressSettings%2CsourceToken%2CbuildEnvironmentVariables
[debug] [2025-12-03T00:37:08.895Z] >>> [apiv2][body] PATCH https://cloudfunctions.googleapis.com/v1/projects/ampac-mobile/locations/us-central1/functions/onApplicationUpdate {"name":"projects/ampac-mobile/locations/us-central1/functions/onApplicationUpdate","sourceUploadUrl":"https://storage.googleapis.com/uploads-359635511498.us-central1.cloudfunctions.appspot.com/daa484d6-979d-47a1-8155-5442b631bdc9.zip?GoogleAccessId=service-194431812308@gcf-admin-robot.iam.gserviceaccount.com&Expires=1764724018&Signature=Od%2FvNfHizLU%2FspVidzitK8H3n3NPAMn3a1x%2BAVFUFFbW10vYUmDXOTnfwIIhhomUT%2BVuuoarEjK4oXVW3vzfz6WlGyghnQK0Id106cxroJmkV%2BNXsyMap%2BPuRmJBn99vK5feMRFvYB5iKnULK1blnfLsE7w3Z3YOsNyankIzytb4OXauzYRqTiIXDG6j9JKC3Lw6kShw%2Fl5EjMP4DI5Jim5%2FhV%2FLF3CScC0IfW6WBSISkgUkryBue4EJEDSF4oM1LFDYKtGTfQabSebzg4kh4Xgbvfd%2BQFz2rpSzuzCfS%2FTF%2FTGxu1zRrnDOhc3VoCnalH7pNXmWqi6QygURpN2U2A%3D%3D","entryPoint":"onApplicationUpdate","runtime":"nodejs20","dockerRegistry":"ARTIFACT_REGISTRY","labels":{"deployment-tool":"cli-firebase","firebase-functions-hash":"18637d443d3324f7c8b700846b3aa8c200ec3884"},"eventTrigger":{"eventType":"providers/cloud.firestore/eventTypes/document.update","resource":"projects/ampac-mobile/databases/(default)/documents/applications/{appId}"},"minInstances":null,"maxInstances":null,"ingressSettings":null,"environmentVariables":{"FIREBASE_CONFIG":"{\"projectId\":\"ampac-mobile\",\"storageBucket\":\"ampac-mobile.firebasestorage.app\"}","GCLOUD_PROJECT":"ampac-mobile","EVENTARC_CLOUD_EVENT_SOURCE":"projects/ampac-mobile/locations/us-central1/functions/onApplicationUpdate"},"serviceAccountEmail":null,"availableMemoryMb":null,"timeout":null,"vpcConnector":null,"vpcConnectorEgressSettings":null,"buildEnvironmentVariables":{"GOOGLE_NODE_RUN_SCRIPTS":""}}
[debug] [2025-12-03T00:37:08.897Z] >>> [apiv2][query] DELETE https://cloudfunctions.googleapis.com/v1/projects/ampac-mobile/locations/us-central1/functions/onUserCreate [none]
[debug] [2025-12-03T00:37:09.336Z] <<< [apiv2][status] DELETE https://cloudfunctions.googleapis.com/v1/projects/ampac-mobile/locations/us-central1/functions/onUserCreate 200
[debug] [2025-12-03T00:37:09.336Z] <<< [apiv2][body] DELETE https://cloudfunctions.googleapis.com/v1/projects/ampac-mobile/locations/us-central1/functions/onUserCreate {"name":"operations/cHJvamVjdHMvYW1wYWMtbW9iaWxlL2xvY2F0aW9ucy91cy1jZW50cmFsMS9vcGVyYXRpb25zL29wZXJhdGlvbi0xNzY0NzIyMjI5MjY3LTY0NTAxNjk5YTRhYmQtM2I3ZTZkNGQtNWRmY2E0Yjg","metadata":{"@type":"type.googleapis.com/google.cloud.functions.v1.OperationMetadataV1","target":"projects/ampac-mobile/locations/us-central1/functions/onUserCreate","updateTime":"2025-12-03T00:37:09.324969325Z"}}
[debug] [2025-12-03T00:37:09.336Z] Checked if tokens are valid: true, expires at: 1764725799124
[debug] [2025-12-03T00:37:09.336Z] Checked if tokens are valid: true, expires at: 1764725799124
[debug] [2025-12-03T00:37:09.337Z] >>> [apiv2][query] GET https://cloudfunctions.googleapis.com/v1/operations/cHJvamVjdHMvYW1wYWMtbW9iaWxlL2xvY2F0aW9ucy91cy1jZW50cmFsMS9vcGVyYXRpb25zL29wZXJhdGlvbi0xNzY0NzIyMjI5MjY3LTY0NTAxNjk5YTRhYmQtM2I3ZTZkNGQtNWRmY2E0Yjg [none]
[debug] [2025-12-03T00:37:09.401Z] <<< [apiv2][status] PATCH https://cloudfunctions.googleapis.com/v1/projects/ampac-mobile/locations/us-central1/functions/onApplicationUpdate 200
[debug] [2025-12-03T00:37:09.401Z] <<< [apiv2][body] PATCH https://cloudfunctions.googleapis.com/v1/projects/ampac-mobile/locations/us-central1/functions/onApplicationUpdate {"name":"operations/YW1wYWMtbW9iaWxlL3VzLWNlbnRyYWwxL29uQXBwbGljYXRpb25VcGRhdGUvT2JhTERmNzJ3QzA","metadata":{"@type":"type.googleapis.com/google.cloud.functions.v1.OperationMetadataV1","target":"projects/ampac-mobile/locations/us-central1/functions/onApplicationUpdate","type":"UPDATE_FUNCTION","request":{"@type":"type.googleapis.com/google.cloud.functions.v1.CloudFunction","name":"projects/ampac-mobile/locations/us-central1/functions/onApplicationUpdate","eventTrigger":{"eventType":"providers/cloud.firestore/eventTypes/document.update","resource":"projects/ampac-mobile/databases/(default)/documents/applications/{appId}","service":"firestore.googleapis.com"},"status":"ACTIVE","entryPoint":"onApplicationUpdate","updateTime":"2025-11-28T06:31:25.888Z","versionId":"3","labels":{"deployment-tool":"cli-firebase","firebase-functions-hash":"18637d443d3324f7c8b700846b3aa8c200ec3884"},"sourceUploadUrl":"https://storage.googleapis.com/uploads-359635511498.us-central1.cloudfunctions.appspot.com/daa484d6-979d-47a1-8155-5442b631bdc9.zip?GoogleAccessId=service-194431812308@gcf-admin-robot.iam.gserviceaccount.com&Expires=1764724018&Signature=Od%2FvNfHizLU%2FspVidzitK8H3n3NPAMn3a1x%2BAVFUFFbW10vYUmDXOTnfwIIhhomUT%2BVuuoarEjK4oXVW3vzfz6WlGyghnQK0Id106cxroJmkV%2BNXsyMap%2BPuRmJBn99vK5feMRFvYB5iKnULK1blnfLsE7w3Z3YOsNyankIzytb4OXauzYRqTiIXDG6j9JKC3Lw6kShw%2Fl5EjMP4DI5Jim5%2FhV%2FLF3CScC0IfW6WBSISkgUkryBue4EJEDSF4oM1LFDYKtGTfQabSebzg4kh4Xgbvfd%2BQFz2rpSzuzCfS%2FTF%2FTGxu1zRrnDOhc3VoCnalH7pNXmWqi6QygURpN2U2A%3D%3D","environmentVariables":{"FIREBASE_CONFIG":"{\"projectId\":\"ampac-mobile\",\"storageBucket\":\"ampac-mobile.firebasestorage.app\"}","GCLOUD_PROJECT":"ampac-mobile","EVENTARC_CLOUD_EVENT_SOURCE":"projects/ampac-mobile/locations/us-central1/functions/onApplicationUpdate"},"runtime":"nodejs20","buildId":"da48d853-649a-4fd0-9966-83b0d2830ab7","buildEnvironmentVariables":{"GOOGLE_NODE_RUN_SCRIPTS":""},"buildName":"projects/194431812308/locations/us-central1/builds/da48d853-649a-4fd0-9966-83b0d2830ab7","dockerRegistry":"ARTIFACT_REGISTRY","automaticUpdatePolicy":{},"buildServiceAccount":"projects/ampac-mobile/serviceAccounts/194431812308-compute@developer.gserviceaccount.com"},"versionId":"4","updateTime":"2025-12-03T00:37:09Z"}}
[debug] [2025-12-03T00:37:09.401Z] Checked if tokens are valid: true, expires at: 1764725799124
[debug] [2025-12-03T00:37:09.401Z] Checked if tokens are valid: true, expires at: 1764725799124
[debug] [2025-12-03T00:37:09.401Z] >>> [apiv2][query] GET https://cloudfunctions.googleapis.com/v1/operations/YW1wYWMtbW9iaWxlL3VzLWNlbnRyYWwxL29uQXBwbGljYXRpb25VcGRhdGUvT2JhTERmNzJ3QzA [none]
[debug] [2025-12-03T00:37:09.468Z] <<< [apiv2][status] GET https://cloudfunctions.googleapis.com/v1/operations/cHJvamVjdHMvYW1wYWMtbW9iaWxlL2xvY2F0aW9ucy91cy1jZW50cmFsMS9vcGVyYXRpb25zL29wZXJhdGlvbi0xNzY0NzIyMjI5MjY3LTY0NTAxNjk5YTRhYmQtM2I3ZTZkNGQtNWRmY2E0Yjg 200
[debug] [2025-12-03T00:37:09.468Z] <<< [apiv2][body] GET https://cloudfunctions.googleapis.com/v1/operations/cHJvamVjdHMvYW1wYWMtbW9iaWxlL2xvY2F0aW9ucy91cy1jZW50cmFsMS9vcGVyYXRpb25zL29wZXJhdGlvbi0xNzY0NzIyMjI5MjY3LTY0NTAxNjk5YTRhYmQtM2I3ZTZkNGQtNWRmY2E0Yjg {"name":"operations/cHJvamVjdHMvYW1wYWMtbW9iaWxlL2xvY2F0aW9ucy91cy1jZW50cmFsMS9vcGVyYXRpb25zL29wZXJhdGlvbi0xNzY0NzIyMjI5MjY3LTY0NTAxNjk5YTRhYmQtM2I3ZTZkNGQtNWRmY2E0Yjg","metadata":{"@type":"type.googleapis.com/google.cloud.functions.v1.OperationMetadataV1","target":"projects/ampac-mobile/locations/us-central1/functions/onUserCreate","type":"DELETE_FUNCTION","request":{"@type":"type.googleapis.com/google.cloud.functions.v1.CloudFunction","name":"projects/ampac-mobile/locations/us-central1/functions/onUserCreate","httpsTrigger":{},"updateTime":"1970-01-01T00:00:00Z"},"updateTime":"2025-12-03T00:37:09.324969325Z"}}
[debug] [2025-12-03T00:37:09.517Z] <<< [apiv2][status] GET https://cloudfunctions.googleapis.com/v1/operations/YW1wYWMtbW9iaWxlL3VzLWNlbnRyYWwxL29uQXBwbGljYXRpb25VcGRhdGUvT2JhTERmNzJ3QzA 200
[debug] [2025-12-03T00:37:09.517Z] <<< [apiv2][body] GET https://cloudfunctions.googleapis.com/v1/operations/YW1wYWMtbW9iaWxlL3VzLWNlbnRyYWwxL29uQXBwbGljYXRpb25VcGRhdGUvT2JhTERmNzJ3QzA {"name":"operations/YW1wYWMtbW9iaWxlL3VzLWNlbnRyYWwxL29uQXBwbGljYXRpb25VcGRhdGUvT2JhTERmNzJ3QzA","metadata":{"@type":"type.googleapis.com/google.cloud.functions.v1.OperationMetadataV1","target":"projects/ampac-mobile/locations/us-central1/functions/onApplicationUpdate","type":"UPDATE_FUNCTION","request":{"@type":"type.googleapis.com/google.cloud.functions.v1.CloudFunction","name":"projects/ampac-mobile/locations/us-central1/functions/onApplicationUpdate","eventTrigger":{"eventType":"providers/cloud.firestore/eventTypes/document.update","resource":"projects/ampac-mobile/databases/(default)/documents/applications/{appId}","service":"firestore.googleapis.com"},"status":"ACTIVE","entryPoint":"onApplicationUpdate","updateTime":"2025-11-28T06:31:25.888Z","versionId":"3","labels":{"deployment-tool":"cli-firebase","firebase-functions-hash":"18637d443d3324f7c8b700846b3aa8c200ec3884"},"sourceUploadUrl":"https://storage.googleapis.com/uploads-359635511498.us-central1.cloudfunctions.appspot.com/daa484d6-979d-47a1-8155-5442b631bdc9.zip?GoogleAccessId=service-194431812308@gcf-admin-robot.iam.gserviceaccount.com&Expires=1764724018&Signature=Od%2FvNfHizLU%2FspVidzitK8H3n3NPAMn3a1x%2BAVFUFFbW10vYUmDXOTnfwIIhhomUT%2BVuuoarEjK4oXVW3vzfz6WlGyghnQK0Id106cxroJmkV%2BNXsyMap%2BPuRmJBn99vK5feMRFvYB5iKnULK1blnfLsE7w3Z3YOsNyankIzytb4OXauzYRqTiIXDG6j9JKC3Lw6kShw%2Fl5EjMP4DI5Jim5%2FhV%2FLF3CScC0IfW6WBSISkgUkryBue4EJEDSF4oM1LFDYKtGTfQabSebzg4kh4Xgbvfd%2BQFz2rpSzuzCfS%2FTF%2FTGxu1zRrnDOhc3VoCnalH7pNXmWqi6QygURpN2U2A%3D%3D","environmentVariables":{"FIREBASE_CONFIG":"{\"projectId\":\"ampac-mobile\",\"storageBucket\":\"ampac-mobile.firebasestorage.app\"}","GCLOUD_PROJECT":"ampac-mobile","EVENTARC_CLOUD_EVENT_SOURCE":"projects/ampac-mobile/locations/us-central1/functions/onApplicationUpdate"},"runtime":"nodejs20","buildId":"da48d853-649a-4fd0-9966-83b0d2830ab7","buildEnvironmentVariables":{"GOOGLE_NODE_RUN_SCRIPTS":""},"buildName":"projects/194431812308/locations/us-central1/builds/da48d853-649a-4fd0-9966-83b0d2830ab7","dockerRegistry":"ARTIFACT_REGISTRY","automaticUpdatePolicy":{},"buildServiceAccount":"projects/ampac-mobile/serviceAccounts/194431812308-compute@developer.gserviceaccount.com"},"versionId":"4","updateTime":"2025-12-03T00:37:09Z"}}
[debug] [2025-12-03T00:37:09.974Z] [delete-default-us-central1-onUserCreate] Retrying task index 0
[debug] [2025-12-03T00:37:09.974Z] Checked if tokens are valid: true, expires at: 1764725799124
[debug] [2025-12-03T00:37:09.974Z] Checked if tokens are valid: true, expires at: 1764725799124
[debug] [2025-12-03T00:37:09.975Z] >>> [apiv2][query] GET https://cloudfunctions.googleapis.com/v1/operations/cHJvamVjdHMvYW1wYWMtbW9iaWxlL2xvY2F0aW9ucy91cy1jZW50cmFsMS9vcGVyYXRpb25zL29wZXJhdGlvbi0xNzY0NzIyMjI5MjY3LTY0NTAxNjk5YTRhYmQtM2I3ZTZkNGQtNWRmY2E0Yjg [none]
[debug] [2025-12-03T00:37:10.020Z] [update-default-us-central1-onApplicationUpdate] Retrying task index 0
[debug] [2025-12-03T00:37:10.020Z] Checked if tokens are valid: true, expires at: 1764725799124
[debug] [2025-12-03T00:37:10.021Z] Checked if tokens are valid: true, expires at: 1764725799124
[debug] [2025-12-03T00:37:10.021Z] >>> [apiv2][query] GET https://cloudfunctions.googleapis.com/v1/operations/YW1wYWMtbW9iaWxlL3VzLWNlbnRyYWwxL29uQXBwbGljYXRpb25VcGRhdGUvT2JhTERmNzJ3QzA [none]
[debug] [2025-12-03T00:37:10.096Z] <<< [apiv2][status] GET https://cloudfunctions.googleapis.com/v1/operations/cHJvamVjdHMvYW1wYWMtbW9iaWxlL2xvY2F0aW9ucy91cy1jZW50cmFsMS9vcGVyYXRpb25zL29wZXJhdGlvbi0xNzY0NzIyMjI5MjY3LTY0NTAxNjk5YTRhYmQtM2I3ZTZkNGQtNWRmY2E0Yjg 200
[debug] [2025-12-03T00:37:10.096Z] <<< [apiv2][body] GET https://cloudfunctions.googleapis.com/v1/operations/cHJvamVjdHMvYW1wYWMtbW9iaWxlL2xvY2F0aW9ucy91cy1jZW50cmFsMS9vcGVyYXRpb25zL29wZXJhdGlvbi0xNzY0NzIyMjI5MjY3LTY0NTAxNjk5YTRhYmQtM2I3ZTZkNGQtNWRmY2E0Yjg {"name":"operations/cHJvamVjdHMvYW1wYWMtbW9iaWxlL2xvY2F0aW9ucy91cy1jZW50cmFsMS9vcGVyYXRpb25zL29wZXJhdGlvbi0xNzY0NzIyMjI5MjY3LTY0NTAxNjk5YTRhYmQtM2I3ZTZkNGQtNWRmY2E0Yjg","metadata":{"@type":"type.googleapis.com/google.cloud.functions.v1.OperationMetadataV1","target":"projects/ampac-mobile/locations/us-central1/functions/onUserCreate","type":"DELETE_FUNCTION","request":{"@type":"type.googleapis.com/google.cloud.functions.v1.CloudFunction","name":"projects/ampac-mobile/locations/us-central1/functions/onUserCreate","httpsTrigger":{},"updateTime":"1970-01-01T00:00:00Z"},"updateTime":"2025-12-03T00:37:09.324969325Z"}}
[debug] [2025-12-03T00:37:10.148Z] <<< [apiv2][status] GET https://cloudfunctions.googleapis.com/v1/operations/YW1wYWMtbW9iaWxlL3VzLWNlbnRyYWwxL29uQXBwbGljYXRpb25VcGRhdGUvT2JhTERmNzJ3QzA 200
[debug] [2025-12-03T00:37:10.149Z] <<< [apiv2][body] GET https://cloudfunctions.googleapis.com/v1/operations/YW1wYWMtbW9iaWxlL3VzLWNlbnRyYWwxL29uQXBwbGljYXRpb25VcGRhdGUvT2JhTERmNzJ3QzA {"name":"operations/YW1wYWMtbW9iaWxlL3VzLWNlbnRyYWwxL29uQXBwbGljYXRpb25VcGRhdGUvT2JhTERmNzJ3QzA","metadata":{"@type":"type.googleapis.com/google.cloud.functions.v1.OperationMetadataV1","target":"projects/ampac-mobile/locations/us-central1/functions/onApplicationUpdate","type":"UPDATE_FUNCTION","request":{"@type":"type.googleapis.com/google.cloud.functions.v1.CloudFunction","name":"projects/ampac-mobile/locations/us-central1/functions/onApplicationUpdate","eventTrigger":{"eventType":"providers/cloud.firestore/eventTypes/document.update","resource":"projects/ampac-mobile/databases/(default)/documents/applications/{appId}","service":"firestore.googleapis.com"},"status":"ACTIVE","entryPoint":"onApplicationUpdate","updateTime":"2025-11-28T06:31:25.888Z","versionId":"3","labels":{"deployment-tool":"cli-firebase","firebase-functions-hash":"18637d443d3324f7c8b700846b3aa8c200ec3884"},"sourceUploadUrl":"https://storage.googleapis.com/uploads-359635511498.us-central1.cloudfunctions.appspot.com/daa484d6-979d-47a1-8155-5442b631bdc9.zip?GoogleAccessId=service-194431812308@gcf-admin-robot.iam.gserviceaccount.com&Expires=1764724018&Signature=Od%2FvNfHizLU%2FspVidzitK8H3n3NPAMn3a1x%2BAVFUFFbW10vYUmDXOTnfwIIhhomUT%2BVuuoarEjK4oXVW3vzfz6WlGyghnQK0Id106cxroJmkV%2BNXsyMap%2BPuRmJBn99vK5feMRFvYB5iKnULK1blnfLsE7w3Z3YOsNyankIzytb4OXauzYRqTiIXDG6j9JKC3Lw6kShw%2Fl5EjMP4DI5Jim5%2FhV%2FLF3CScC0IfW6WBSISkgUkryBue4EJEDSF4oM1LFDYKtGTfQabSebzg4kh4Xgbvfd%2BQFz2rpSzuzCfS%2FTF%2FTGxu1zRrnDOhc3VoCnalH7pNXmWqi6QygURpN2U2A%3D%3D","environmentVariables":{"FIREBASE_CONFIG":"{\"projectId\":\"ampac-mobile\",\"storageBucket\":\"ampac-mobile.firebasestorage.app\"}","GCLOUD_PROJECT":"ampac-mobile","EVENTARC_CLOUD_EVENT_SOURCE":"projects/ampac-mobile/locations/us-central1/functions/onApplicationUpdate"},"runtime":"nodejs20","buildId":"da48d853-649a-4fd0-9966-83b0d2830ab7","buildEnvironmentVariables":{"GOOGLE_NODE_RUN_SCRIPTS":""},"buildName":"projects/194431812308/locations/us-central1/builds/da48d853-649a-4fd0-9966-83b0d2830ab7","dockerRegistry":"ARTIFACT_REGISTRY","automaticUpdatePolicy":{},"buildServiceAccount":"projects/ampac-mobile/serviceAccounts/194431812308-compute@developer.gserviceaccount.com"},"versionId":"4","updateTime":"2025-12-03T00:37:09Z"}}
[debug] [2025-12-03T00:37:11.106Z] [delete-default-us-central1-onUserCreate] Retrying task index 0
[debug] [2025-12-03T00:37:11.106Z] Checked if tokens are valid: true, expires at: 1764725799124
[debug] [2025-12-03T00:37:11.106Z] Checked if tokens are valid: true, expires at: 1764725799124
[debug] [2025-12-03T00:37:11.106Z] >>> [apiv2][query] GET https://cloudfunctions.googleapis.com/v1/operations/cHJvamVjdHMvYW1wYWMtbW9iaWxlL2xvY2F0aW9ucy91cy1jZW50cmFsMS9vcGVyYXRpb25zL29wZXJhdGlvbi0xNzY0NzIyMjI5MjY3LTY0NTAxNjk5YTRhYmQtM2I3ZTZkNGQtNWRmY2E0Yjg [none]
[debug] [2025-12-03T00:37:11.153Z] [update-default-us-central1-onApplicationUpdate] Retrying task index 0
[debug] [2025-12-03T00:37:11.154Z] Checked if tokens are valid: true, expires at: 1764725799124
[debug] [2025-12-03T00:37:11.154Z] Checked if tokens are valid: true, expires at: 1764725799124
[debug] [2025-12-03T00:37:11.154Z] >>> [apiv2][query] GET https://cloudfunctions.googleapis.com/v1/operations/YW1wYWMtbW9iaWxlL3VzLWNlbnRyYWwxL29uQXBwbGljYXRpb25VcGRhdGUvT2JhTERmNzJ3QzA [none]
[debug] [2025-12-03T00:37:11.212Z] <<< [apiv2][status] GET https://cloudfunctions.googleapis.com/v1/operations/cHJvamVjdHMvYW1wYWMtbW9iaWxlL2xvY2F0aW9ucy91cy1jZW50cmFsMS9vcGVyYXRpb25zL29wZXJhdGlvbi0xNzY0NzIyMjI5MjY3LTY0NTAxNjk5YTRhYmQtM2I3ZTZkNGQtNWRmY2E0Yjg 200
[debug] [2025-12-03T00:37:11.213Z] <<< [apiv2][body] GET https://cloudfunctions.googleapis.com/v1/operations/cHJvamVjdHMvYW1wYWMtbW9iaWxlL2xvY2F0aW9ucy91cy1jZW50cmFsMS9vcGVyYXRpb25zL29wZXJhdGlvbi0xNzY0NzIyMjI5MjY3LTY0NTAxNjk5YTRhYmQtM2I3ZTZkNGQtNWRmY2E0Yjg {"name":"operations/cHJvamVjdHMvYW1wYWMtbW9iaWxlL2xvY2F0aW9ucy91cy1jZW50cmFsMS9vcGVyYXRpb25zL29wZXJhdGlvbi0xNzY0NzIyMjI5MjY3LTY0NTAxNjk5YTRhYmQtM2I3ZTZkNGQtNWRmY2E0Yjg","metadata":{"@type":"type.googleapis.com/google.cloud.functions.v1.OperationMetadataV1","target":"projects/ampac-mobile/locations/us-central1/functions/onUserCreate","type":"DELETE_FUNCTION","request":{"@type":"type.googleapis.com/google.cloud.functions.v1.CloudFunction","name":"projects/ampac-mobile/locations/us-central1/functions/onUserCreate","httpsTrigger":{},"updateTime":"1970-01-01T00:00:00Z"},"updateTime":"2025-12-03T00:37:09.324969325Z"}}
[debug] [2025-12-03T00:37:11.246Z] <<< [apiv2][status] GET https://cloudfunctions.googleapis.com/v1/operations/YW1wYWMtbW9iaWxlL3VzLWNlbnRyYWwxL29uQXBwbGljYXRpb25VcGRhdGUvT2JhTERmNzJ3QzA 200
[debug] [2025-12-03T00:37:11.246Z] <<< [apiv2][body] GET https://cloudfunctions.googleapis.com/v1/operations/YW1wYWMtbW9iaWxlL3VzLWNlbnRyYWwxL29uQXBwbGljYXRpb25VcGRhdGUvT2JhTERmNzJ3QzA {"name":"operations/YW1wYWMtbW9iaWxlL3VzLWNlbnRyYWwxL29uQXBwbGljYXRpb25VcGRhdGUvT2JhTERmNzJ3QzA","metadata":{"@type":"type.googleapis.com/google.cloud.functions.v1.OperationMetadataV1","target":"projects/ampac-mobile/locations/us-central1/functions/onApplicationUpdate","type":"UPDATE_FUNCTION","request":{"@type":"type.googleapis.com/google.cloud.functions.v1.CloudFunction","name":"projects/ampac-mobile/locations/us-central1/functions/onApplicationUpdate","eventTrigger":{"eventType":"providers/cloud.firestore/eventTypes/document.update","resource":"projects/ampac-mobile/databases/(default)/documents/applications/{appId}","service":"firestore.googleapis.com"},"status":"ACTIVE","entryPoint":"onApplicationUpdate","updateTime":"2025-11-28T06:31:25.888Z","versionId":"3","labels":{"deployment-tool":"cli-firebase","firebase-functions-hash":"18637d443d3324f7c8b700846b3aa8c200ec3884"},"sourceUploadUrl":"https://storage.googleapis.com/uploads-359635511498.us-central1.cloudfunctions.appspot.com/daa484d6-979d-47a1-8155-5442b631bdc9.zip?GoogleAccessId=service-194431812308@gcf-admin-robot.iam.gserviceaccount.com&Expires=1764724018&Signature=Od%2FvNfHizLU%2FspVidzitK8H3n3NPAMn3a1x%2BAVFUFFbW10vYUmDXOTnfwIIhhomUT%2BVuuoarEjK4oXVW3vzfz6WlGyghnQK0Id106cxroJmkV%2BNXsyMap%2BPuRmJBn99vK5feMRFvYB5iKnULK1blnfLsE7w3Z3YOsNyankIzytb4OXauzYRqTiIXDG6j9JKC3Lw6kShw%2Fl5EjMP4DI5Jim5%2FhV%2FLF3CScC0IfW6WBSISkgUkryBue4EJEDSF4oM1LFDYKtGTfQabSebzg4kh4Xgbvfd%2BQFz2rpSzuzCfS%2FTF%2FTGxu1zRrnDOhc3VoCnalH7pNXmWqi6QygURpN2U2A%3D%3D","environmentVariables":{"FIREBASE_CONFIG":"{\"projectId\":\"ampac-mobile\",\"storageBucket\":\"ampac-mobile.firebasestorage.app\"}","GCLOUD_PROJECT":"ampac-mobile","EVENTARC_CLOUD_EVENT_SOURCE":"projects/ampac-mobile/locations/us-central1/functions/onApplicationUpdate"},"runtime":"nodejs20","buildId":"da48d853-649a-4fd0-9966-83b0d2830ab7","buildEnvironmentVariables":{"GOOGLE_NODE_RUN_SCRIPTS":""},"buildName":"projects/194431812308/locations/us-central1/builds/da48d853-649a-4fd0-9966-83b0d2830ab7","dockerRegistry":"ARTIFACT_REGISTRY","automaticUpdatePolicy":{},"buildServiceAccount":"projects/ampac-mobile/serviceAccounts/194431812308-compute@developer.gserviceaccount.com"},"versionId":"4","updateTime":"2025-12-03T00:37:09Z","buildId":"b6f164df-4ee9-4bd6-8d46-a20696edf3b3","buildName":"projects/194431812308/locations/us-central1/builds/b6f164df-4ee9-4bd6-8d46-a20696edf3b3"}}
[debug] [2025-12-03T00:37:13.228Z] [delete-default-us-central1-onUserCreate] Retrying task index 0
[debug] [2025-12-03T00:37:13.228Z] Checked if tokens are valid: true, expires at: 1764725799124
[debug] [2025-12-03T00:37:13.228Z] Checked if tokens are valid: true, expires at: 1764725799124
[debug] [2025-12-03T00:37:13.228Z] >>> [apiv2][query] GET https://cloudfunctions.googleapis.com/v1/operations/cHJvamVjdHMvYW1wYWMtbW9iaWxlL2xvY2F0aW9ucy91cy1jZW50cmFsMS9vcGVyYXRpb25zL29wZXJhdGlvbi0xNzY0NzIyMjI5MjY3LTY0NTAxNjk5YTRhYmQtM2I3ZTZkNGQtNWRmY2E0Yjg [none]
[debug] [2025-12-03T00:37:13.258Z] [update-default-us-central1-onApplicationUpdate] Retrying task index 0
[debug] [2025-12-03T00:37:13.258Z] Checked if tokens are valid: true, expires at: 1764725799124
[debug] [2025-12-03T00:37:13.258Z] Checked if tokens are valid: true, expires at: 1764725799124
[debug] [2025-12-03T00:37:13.259Z] >>> [apiv2][query] GET https://cloudfunctions.googleapis.com/v1/operations/YW1wYWMtbW9iaWxlL3VzLWNlbnRyYWwxL29uQXBwbGljYXRpb25VcGRhdGUvT2JhTERmNzJ3QzA [none]
[debug] [2025-12-03T00:37:13.333Z] <<< [apiv2][status] GET https://cloudfunctions.googleapis.com/v1/operations/cHJvamVjdHMvYW1wYWMtbW9iaWxlL2xvY2F0aW9ucy91cy1jZW50cmFsMS9vcGVyYXRpb25zL29wZXJhdGlvbi0xNzY0NzIyMjI5MjY3LTY0NTAxNjk5YTRhYmQtM2I3ZTZkNGQtNWRmY2E0Yjg 200
[debug] [2025-12-03T00:37:13.333Z] <<< [apiv2][body] GET https://cloudfunctions.googleapis.com/v1/operations/cHJvamVjdHMvYW1wYWMtbW9iaWxlL2xvY2F0aW9ucy91cy1jZW50cmFsMS9vcGVyYXRpb25zL29wZXJhdGlvbi0xNzY0NzIyMjI5MjY3LTY0NTAxNjk5YTRhYmQtM2I3ZTZkNGQtNWRmY2E0Yjg {"name":"operations/cHJvamVjdHMvYW1wYWMtbW9iaWxlL2xvY2F0aW9ucy91cy1jZW50cmFsMS9vcGVyYXRpb25zL29wZXJhdGlvbi0xNzY0NzIyMjI5MjY3LTY0NTAxNjk5YTRhYmQtM2I3ZTZkNGQtNWRmY2E0Yjg","metadata":{"@type":"type.googleapis.com/google.cloud.functions.v1.OperationMetadataV1","target":"projects/ampac-mobile/locations/us-central1/functions/onUserCreate","type":"DELETE_FUNCTION","request":{"@type":"type.googleapis.com/google.cloud.functions.v1.CloudFunction","name":"projects/ampac-mobile/locations/us-central1/functions/onUserCreate","httpsTrigger":{},"updateTime":"1970-01-01T00:00:00Z"},"updateTime":"2025-12-03T00:37:09.324969325Z"}}
[debug] [2025-12-03T00:37:13.372Z] <<< [apiv2][status] GET https://cloudfunctions.googleapis.com/v1/operations/YW1wYWMtbW9iaWxlL3VzLWNlbnRyYWwxL29uQXBwbGljYXRpb25VcGRhdGUvT2JhTERmNzJ3QzA 200
[debug] [2025-12-03T00:37:13.373Z] <<< [apiv2][body] GET https://cloudfunctions.googleapis.com/v1/operations/YW1wYWMtbW9iaWxlL3VzLWNlbnRyYWwxL29uQXBwbGljYXRpb25VcGRhdGUvT2JhTERmNzJ3QzA {"name":"operations/YW1wYWMtbW9iaWxlL3VzLWNlbnRyYWwxL29uQXBwbGljYXRpb25VcGRhdGUvT2JhTERmNzJ3QzA","metadata":{"@type":"type.googleapis.com/google.cloud.functions.v1.OperationMetadataV1","target":"projects/ampac-mobile/locations/us-central1/functions/onApplicationUpdate","type":"UPDATE_FUNCTION","request":{"@type":"type.googleapis.com/google.cloud.functions.v1.CloudFunction","name":"projects/ampac-mobile/locations/us-central1/functions/onApplicationUpdate","eventTrigger":{"eventType":"providers/cloud.firestore/eventTypes/document.update","resource":"projects/ampac-mobile/databases/(default)/documents/applications/{appId}","service":"firestore.googleapis.com"},"status":"ACTIVE","entryPoint":"onApplicationUpdate","updateTime":"2025-11-28T06:31:25.888Z","versionId":"3","labels":{"deployment-tool":"cli-firebase","firebase-functions-hash":"18637d443d3324f7c8b700846b3aa8c200ec3884"},"sourceUploadUrl":"https://storage.googleapis.com/uploads-359635511498.us-central1.cloudfunctions.appspot.com/daa484d6-979d-47a1-8155-5442b631bdc9.zip?GoogleAccessId=service-194431812308@gcf-admin-robot.iam.gserviceaccount.com&Expires=1764724018&Signature=Od%2FvNfHizLU%2FspVidzitK8H3n3NPAMn3a1x%2BAVFUFFbW10vYUmDXOTnfwIIhhomUT%2BVuuoarEjK4oXVW3vzfz6WlGyghnQK0Id106cxroJmkV%2BNXsyMap%2BPuRmJBn99vK5feMRFvYB5iKnULK1blnfLsE7w3Z3YOsNyankIzytb4OXauzYRqTiIXDG6j9JKC3Lw6kShw%2Fl5EjMP4DI5Jim5%2FhV%2FLF3CScC0IfW6WBSISkgUkryBue4EJEDSF4oM1LFDYKtGTfQabSebzg4kh4Xgbvfd%2BQFz2rpSzuzCfS%2FTF%2FTGxu1zRrnDOhc3VoCnalH7pNXmWqi6QygURpN2U2A%3D%3D","environmentVariables":{"FIREBASE_CONFIG":"{\"projectId\":\"ampac-mobile\",\"storageBucket\":\"ampac-mobile.firebasestorage.app\"}","GCLOUD_PROJECT":"ampac-mobile","EVENTARC_CLOUD_EVENT_SOURCE":"projects/ampac-mobile/locations/us-central1/functions/onApplicationUpdate"},"runtime":"nodejs20","buildId":"da48d853-649a-4fd0-9966-83b0d2830ab7","buildEnvironmentVariables":{"GOOGLE_NODE_RUN_SCRIPTS":""},"buildName":"projects/194431812308/locations/us-central1/builds/da48d853-649a-4fd0-9966-83b0d2830ab7","dockerRegistry":"ARTIFACT_REGISTRY","automaticUpdatePolicy":{},"buildServiceAccount":"projects/ampac-mobile/serviceAccounts/194431812308-compute@developer.gserviceaccount.com"},"versionId":"4","updateTime":"2025-12-03T00:37:09Z","buildId":"b6f164df-4ee9-4bd6-8d46-a20696edf3b3","buildName":"projects/194431812308/locations/us-central1/builds/b6f164df-4ee9-4bd6-8d46-a20696edf3b3"}}
[debug] [2025-12-03T00:37:17.348Z] [delete-default-us-central1-onUserCreate] Retrying task index 0
[debug] [2025-12-03T00:37:17.348Z] Checked if tokens are valid: true, expires at: 1764725799124
[debug] [2025-12-03T00:37:17.348Z] Checked if tokens are valid: true, expires at: 1764725799124
[debug] [2025-12-03T00:37:17.349Z] >>> [apiv2][query] GET https://cloudfunctions.googleapis.com/v1/operations/cHJvamVjdHMvYW1wYWMtbW9iaWxlL2xvY2F0aW9ucy91cy1jZW50cmFsMS9vcGVyYXRpb25zL29wZXJhdGlvbi0xNzY0NzIyMjI5MjY3LTY0NTAxNjk5YTRhYmQtM2I3ZTZkNGQtNWRmY2E0Yjg [none]
[debug] [2025-12-03T00:37:17.379Z] [update-default-us-central1-onApplicationUpdate] Retrying task index 0
[debug] [2025-12-03T00:37:17.379Z] Checked if tokens are valid: true, expires at: 1764725799124
[debug] [2025-12-03T00:37:17.379Z] Checked if tokens are valid: true, expires at: 1764725799124
[debug] [2025-12-03T00:37:17.379Z] >>> [apiv2][query] GET https://cloudfunctions.googleapis.com/v1/operations/YW1wYWMtbW9iaWxlL3VzLWNlbnRyYWwxL29uQXBwbGljYXRpb25VcGRhdGUvT2JhTERmNzJ3QzA [none]
[debug] [2025-12-03T00:37:17.458Z] <<< [apiv2][status] GET https://cloudfunctions.googleapis.com/v1/operations/cHJvamVjdHMvYW1wYWMtbW9iaWxlL2xvY2F0aW9ucy91cy1jZW50cmFsMS9vcGVyYXRpb25zL29wZXJhdGlvbi0xNzY0NzIyMjI5MjY3LTY0NTAxNjk5YTRhYmQtM2I3ZTZkNGQtNWRmY2E0Yjg 200
[debug] [2025-12-03T00:37:17.459Z] <<< [apiv2][body] GET https://cloudfunctions.googleapis.com/v1/operations/cHJvamVjdHMvYW1wYWMtbW9iaWxlL2xvY2F0aW9ucy91cy1jZW50cmFsMS9vcGVyYXRpb25zL29wZXJhdGlvbi0xNzY0NzIyMjI5MjY3LTY0NTAxNjk5YTRhYmQtM2I3ZTZkNGQtNWRmY2E0Yjg {"name":"operations/cHJvamVjdHMvYW1wYWMtbW9iaWxlL2xvY2F0aW9ucy91cy1jZW50cmFsMS9vcGVyYXRpb25zL29wZXJhdGlvbi0xNzY0NzIyMjI5MjY3LTY0NTAxNjk5YTRhYmQtM2I3ZTZkNGQtNWRmY2E0Yjg","metadata":{"@type":"type.googleapis.com/google.cloud.functions.v1.OperationMetadataV1","target":"projects/ampac-mobile/locations/us-central1/functions/onUserCreate","type":"DELETE_FUNCTION","request":{"@type":"type.googleapis.com/google.cloud.functions.v1.CloudFunction","name":"projects/ampac-mobile/locations/us-central1/functions/onUserCreate","httpsTrigger":{},"updateTime":"1970-01-01T00:00:00Z"},"updateTime":"2025-12-03T00:37:13.989991697Z"},"done":true}
[info] +  functions[onUserCreate(us-central1)] Successful delete operation. 
[debug] [2025-12-03T00:37:17.524Z] <<< [apiv2][status] GET https://cloudfunctions.googleapis.com/v1/operations/YW1wYWMtbW9iaWxlL3VzLWNlbnRyYWwxL29uQXBwbGljYXRpb25VcGRhdGUvT2JhTERmNzJ3QzA 200
[debug] [2025-12-03T00:37:17.524Z] <<< [apiv2][body] GET https://cloudfunctions.googleapis.com/v1/operations/YW1wYWMtbW9iaWxlL3VzLWNlbnRyYWwxL29uQXBwbGljYXRpb25VcGRhdGUvT2JhTERmNzJ3QzA {"name":"operations/YW1wYWMtbW9iaWxlL3VzLWNlbnRyYWwxL29uQXBwbGljYXRpb25VcGRhdGUvT2JhTERmNzJ3QzA","metadata":{"@type":"type.googleapis.com/google.cloud.functions.v1.OperationMetadataV1","target":"projects/ampac-mobile/locations/us-central1/functions/onApplicationUpdate","type":"UPDATE_FUNCTION","request":{"@type":"type.googleapis.com/google.cloud.functions.v1.CloudFunction","name":"projects/ampac-mobile/locations/us-central1/functions/onApplicationUpdate","eventTrigger":{"eventType":"providers/cloud.firestore/eventTypes/document.update","resource":"projects/ampac-mobile/databases/(default)/documents/applications/{appId}","service":"firestore.googleapis.com"},"status":"ACTIVE","entryPoint":"onApplicationUpdate","updateTime":"2025-11-28T06:31:25.888Z","versionId":"3","labels":{"deployment-tool":"cli-firebase","firebase-functions-hash":"18637d443d3324f7c8b700846b3aa8c200ec3884"},"sourceUploadUrl":"https://storage.googleapis.com/uploads-359635511498.us-central1.cloudfunctions.appspot.com/daa484d6-979d-47a1-8155-5442b631bdc9.zip?GoogleAccessId=service-194431812308@gcf-admin-robot.iam.gserviceaccount.com&Expires=1764724018&Signature=Od%2FvNfHizLU%2FspVidzitK8H3n3NPAMn3a1x%2BAVFUFFbW10vYUmDXOTnfwIIhhomUT%2BVuuoarEjK4oXVW3vzfz6WlGyghnQK0Id106cxroJmkV%2BNXsyMap%2BPuRmJBn99vK5feMRFvYB5iKnULK1blnfLsE7w3Z3YOsNyankIzytb4OXauzYRqTiIXDG6j9JKC3Lw6kShw%2Fl5EjMP4DI5Jim5%2FhV%2FLF3CScC0IfW6WBSISkgUkryBue4EJEDSF4oM1LFDYKtGTfQabSebzg4kh4Xgbvfd%2BQFz2rpSzuzCfS%2FTF%2FTGxu1zRrnDOhc3VoCnalH7pNXmWqi6QygURpN2U2A%3D%3D","environmentVariables":{"FIREBASE_CONFIG":"{\"projectId\":\"ampac-mobile\",\"storageBucket\":\"ampac-mobile.firebasestorage.app\"}","GCLOUD_PROJECT":"ampac-mobile","EVENTARC_CLOUD_EVENT_SOURCE":"projects/ampac-mobile/locations/us-central1/functions/onApplicationUpdate"},"runtime":"nodejs20","buildId":"da48d853-649a-4fd0-9966-83b0d2830ab7","buildEnvironmentVariables":{"GOOGLE_NODE_RUN_SCRIPTS":""},"buildName":"projects/194431812308/locations/us-central1/builds/da48d853-649a-4fd0-9966-83b0d2830ab7","dockerRegistry":"ARTIFACT_REGISTRY","automaticUpdatePolicy":{},"buildServiceAccount":"projects/ampac-mobile/serviceAccounts/194431812308-compute@developer.gserviceaccount.com"},"versionId":"4","updateTime":"2025-12-03T00:37:09Z","buildId":"b6f164df-4ee9-4bd6-8d46-a20696edf3b3","buildName":"projects/194431812308/locations/us-central1/builds/b6f164df-4ee9-4bd6-8d46-a20696edf3b3"}}
[debug] [2025-12-03T00:37:25.534Z] [update-default-us-central1-onApplicationUpdate] Retrying task index 0
[debug] [2025-12-03T00:37:25.535Z] Checked if tokens are valid: true, expires at: 1764725799124
[debug] [2025-12-03T00:37:25.535Z] Checked if tokens are valid: true, expires at: 1764725799124
[debug] [2025-12-03T00:37:25.535Z] >>> [apiv2][query] GET https://cloudfunctions.googleapis.com/v1/operations/YW1wYWMtbW9iaWxlL3VzLWNlbnRyYWwxL29uQXBwbGljYXRpb25VcGRhdGUvT2JhTERmNzJ3QzA [none]
[debug] [2025-12-03T00:37:25.648Z] <<< [apiv2][status] GET https://cloudfunctions.googleapis.com/v1/operations/YW1wYWMtbW9iaWxlL3VzLWNlbnRyYWwxL29uQXBwbGljYXRpb25VcGRhdGUvT2JhTERmNzJ3QzA 200
[debug] [2025-12-03T00:37:25.648Z] <<< [apiv2][body] GET https://cloudfunctions.googleapis.com/v1/operations/YW1wYWMtbW9iaWxlL3VzLWNlbnRyYWwxL29uQXBwbGljYXRpb25VcGRhdGUvT2JhTERmNzJ3QzA {"name":"operations/YW1wYWMtbW9iaWxlL3VzLWNlbnRyYWwxL29uQXBwbGljYXRpb25VcGRhdGUvT2JhTERmNzJ3QzA","metadata":{"@type":"type.googleapis.com/google.cloud.functions.v1.OperationMetadataV1","target":"projects/ampac-mobile/locations/us-central1/functions/onApplicationUpdate","type":"UPDATE_FUNCTION","request":{"@type":"type.googleapis.com/google.cloud.functions.v1.CloudFunction","name":"projects/ampac-mobile/locations/us-central1/functions/onApplicationUpdate","eventTrigger":{"eventType":"providers/cloud.firestore/eventTypes/document.update","resource":"projects/ampac-mobile/databases/(default)/documents/applications/{appId}","service":"firestore.googleapis.com"},"status":"ACTIVE","entryPoint":"onApplicationUpdate","updateTime":"2025-11-28T06:31:25.888Z","versionId":"3","labels":{"deployment-tool":"cli-firebase","firebase-functions-hash":"18637d443d3324f7c8b700846b3aa8c200ec3884"},"sourceUploadUrl":"https://storage.googleapis.com/uploads-359635511498.us-central1.cloudfunctions.appspot.com/daa484d6-979d-47a1-8155-5442b631bdc9.zip?GoogleAccessId=service-194431812308@gcf-admin-robot.iam.gserviceaccount.com&Expires=1764724018&Signature=Od%2FvNfHizLU%2FspVidzitK8H3n3NPAMn3a1x%2BAVFUFFbW10vYUmDXOTnfwIIhhomUT%2BVuuoarEjK4oXVW3vzfz6WlGyghnQK0Id106cxroJmkV%2BNXsyMap%2BPuRmJBn99vK5feMRFvYB5iKnULK1blnfLsE7w3Z3YOsNyankIzytb4OXauzYRqTiIXDG6j9JKC3Lw6kShw%2Fl5EjMP4DI5Jim5%2FhV%2FLF3CScC0IfW6WBSISkgUkryBue4EJEDSF4oM1LFDYKtGTfQabSebzg4kh4Xgbvfd%2BQFz2rpSzuzCfS%2FTF%2FTGxu1zRrnDOhc3VoCnalH7pNXmWqi6QygURpN2U2A%3D%3D","environmentVariables":{"FIREBASE_CONFIG":"{\"projectId\":\"ampac-mobile\",\"storageBucket\":\"ampac-mobile.firebasestorage.app\"}","GCLOUD_PROJECT":"ampac-mobile","EVENTARC_CLOUD_EVENT_SOURCE":"projects/ampac-mobile/locations/us-central1/functions/onApplicationUpdate"},"runtime":"nodejs20","buildId":"da48d853-649a-4fd0-9966-83b0d2830ab7","buildEnvironmentVariables":{"GOOGLE_NODE_RUN_SCRIPTS":""},"buildName":"projects/194431812308/locations/us-central1/builds/da48d853-649a-4fd0-9966-83b0d2830ab7","dockerRegistry":"ARTIFACT_REGISTRY","automaticUpdatePolicy":{},"buildServiceAccount":"projects/ampac-mobile/serviceAccounts/194431812308-compute@developer.gserviceaccount.com"},"versionId":"4","updateTime":"2025-12-03T00:37:09Z","buildId":"b6f164df-4ee9-4bd6-8d46-a20696edf3b3","buildName":"projects/194431812308/locations/us-central1/builds/b6f164df-4ee9-4bd6-8d46-a20696edf3b3"}}
[debug] [2025-12-03T00:37:35.661Z] [update-default-us-central1-onApplicationUpdate] Retrying task index 0
[debug] [2025-12-03T00:37:35.661Z] Checked if tokens are valid: true, expires at: 1764725799124
[debug] [2025-12-03T00:37:35.661Z] Checked if tokens are valid: true, expires at: 1764725799124
[debug] [2025-12-03T00:37:35.661Z] >>> [apiv2][query] GET https://cloudfunctions.googleapis.com/v1/operations/YW1wYWMtbW9iaWxlL3VzLWNlbnRyYWwxL29uQXBwbGljYXRpb25VcGRhdGUvT2JhTERmNzJ3QzA [none]
[debug] [2025-12-03T00:37:35.781Z] <<< [apiv2][status] GET https://cloudfunctions.googleapis.com/v1/operations/YW1wYWMtbW9iaWxlL3VzLWNlbnRyYWwxL29uQXBwbGljYXRpb25VcGRhdGUvT2JhTERmNzJ3QzA 200
[debug] [2025-12-03T00:37:35.781Z] <<< [apiv2][body] GET https://cloudfunctions.googleapis.com/v1/operations/YW1wYWMtbW9iaWxlL3VzLWNlbnRyYWwxL29uQXBwbGljYXRpb25VcGRhdGUvT2JhTERmNzJ3QzA {"name":"operations/YW1wYWMtbW9iaWxlL3VzLWNlbnRyYWwxL29uQXBwbGljYXRpb25VcGRhdGUvT2JhTERmNzJ3QzA","metadata":{"@type":"type.googleapis.com/google.cloud.functions.v1.OperationMetadataV1","target":"projects/ampac-mobile/locations/us-central1/functions/onApplicationUpdate","type":"UPDATE_FUNCTION","request":{"@type":"type.googleapis.com/google.cloud.functions.v1.CloudFunction","name":"projects/ampac-mobile/locations/us-central1/functions/onApplicationUpdate","eventTrigger":{"eventType":"providers/cloud.firestore/eventTypes/document.update","resource":"projects/ampac-mobile/databases/(default)/documents/applications/{appId}","service":"firestore.googleapis.com"},"status":"ACTIVE","entryPoint":"onApplicationUpdate","updateTime":"2025-11-28T06:31:25.888Z","versionId":"3","labels":{"deployment-tool":"cli-firebase","firebase-functions-hash":"18637d443d3324f7c8b700846b3aa8c200ec3884"},"sourceUploadUrl":"https://storage.googleapis.com/uploads-359635511498.us-central1.cloudfunctions.appspot.com/daa484d6-979d-47a1-8155-5442b631bdc9.zip?GoogleAccessId=service-194431812308@gcf-admin-robot.iam.gserviceaccount.com&Expires=1764724018&Signature=Od%2FvNfHizLU%2FspVidzitK8H3n3NPAMn3a1x%2BAVFUFFbW10vYUmDXOTnfwIIhhomUT%2BVuuoarEjK4oXVW3vzfz6WlGyghnQK0Id106cxroJmkV%2BNXsyMap%2BPuRmJBn99vK5feMRFvYB5iKnULK1blnfLsE7w3Z3YOsNyankIzytb4OXauzYRqTiIXDG6j9JKC3Lw6kShw%2Fl5EjMP4DI5Jim5%2FhV%2FLF3CScC0IfW6WBSISkgUkryBue4EJEDSF4oM1LFDYKtGTfQabSebzg4kh4Xgbvfd%2BQFz2rpSzuzCfS%2FTF%2FTGxu1zRrnDOhc3VoCnalH7pNXmWqi6QygURpN2U2A%3D%3D","environmentVariables":{"FIREBASE_CONFIG":"{\"projectId\":\"ampac-mobile\",\"storageBucket\":\"ampac-mobile.firebasestorage.app\"}","GCLOUD_PROJECT":"ampac-mobile","EVENTARC_CLOUD_EVENT_SOURCE":"projects/ampac-mobile/locations/us-central1/functions/onApplicationUpdate"},"runtime":"nodejs20","buildId":"da48d853-649a-4fd0-9966-83b0d2830ab7","buildEnvironmentVariables":{"GOOGLE_NODE_RUN_SCRIPTS":""},"buildName":"projects/194431812308/locations/us-central1/builds/da48d853-649a-4fd0-9966-83b0d2830ab7","dockerRegistry":"ARTIFACT_REGISTRY","automaticUpdatePolicy":{},"buildServiceAccount":"projects/ampac-mobile/serviceAccounts/194431812308-compute@developer.gserviceaccount.com"},"versionId":"4","updateTime":"2025-12-03T00:37:09Z","buildId":"b6f164df-4ee9-4bd6-8d46-a20696edf3b3","buildName":"projects/194431812308/locations/us-central1/builds/b6f164df-4ee9-4bd6-8d46-a20696edf3b3"}}
[debug] [2025-12-03T00:37:45.783Z] [update-default-us-central1-onApplicationUpdate] Retrying task index 0
[debug] [2025-12-03T00:37:45.783Z] Checked if tokens are valid: true, expires at: 1764725799124
[debug] [2025-12-03T00:37:45.783Z] Checked if tokens are valid: true, expires at: 1764725799124
[debug] [2025-12-03T00:37:45.783Z] >>> [apiv2][query] GET https://cloudfunctions.googleapis.com/v1/operations/YW1wYWMtbW9iaWxlL3VzLWNlbnRyYWwxL29uQXBwbGljYXRpb25VcGRhdGUvT2JhTERmNzJ3QzA [none]
[debug] [2025-12-03T00:37:45.938Z] <<< [apiv2][status] GET https://cloudfunctions.googleapis.com/v1/operations/YW1wYWMtbW9iaWxlL3VzLWNlbnRyYWwxL29uQXBwbGljYXRpb25VcGRhdGUvT2JhTERmNzJ3QzA 200
[debug] [2025-12-03T00:37:45.938Z] <<< [apiv2][body] GET https://cloudfunctions.googleapis.com/v1/operations/YW1wYWMtbW9iaWxlL3VzLWNlbnRyYWwxL29uQXBwbGljYXRpb25VcGRhdGUvT2JhTERmNzJ3QzA {"name":"operations/YW1wYWMtbW9iaWxlL3VzLWNlbnRyYWwxL29uQXBwbGljYXRpb25VcGRhdGUvT2JhTERmNzJ3QzA","metadata":{"@type":"type.googleapis.com/google.cloud.functions.v1.OperationMetadataV1","target":"projects/ampac-mobile/locations/us-central1/functions/onApplicationUpdate","type":"UPDATE_FUNCTION","request":{"@type":"type.googleapis.com/google.cloud.functions.v1.CloudFunction","name":"projects/ampac-mobile/locations/us-central1/functions/onApplicationUpdate","eventTrigger":{"eventType":"providers/cloud.firestore/eventTypes/document.update","resource":"projects/ampac-mobile/databases/(default)/documents/applications/{appId}","service":"firestore.googleapis.com"},"status":"ACTIVE","entryPoint":"onApplicationUpdate","updateTime":"2025-11-28T06:31:25.888Z","versionId":"3","labels":{"deployment-tool":"cli-firebase","firebase-functions-hash":"18637d443d3324f7c8b700846b3aa8c200ec3884"},"sourceUploadUrl":"https://storage.googleapis.com/uploads-359635511498.us-central1.cloudfunctions.appspot.com/daa484d6-979d-47a1-8155-5442b631bdc9.zip?GoogleAccessId=service-194431812308@gcf-admin-robot.iam.gserviceaccount.com&Expires=1764724018&Signature=Od%2FvNfHizLU%2FspVidzitK8H3n3NPAMn3a1x%2BAVFUFFbW10vYUmDXOTnfwIIhhomUT%2BVuuoarEjK4oXVW3vzfz6WlGyghnQK0Id106cxroJmkV%2BNXsyMap%2BPuRmJBn99vK5feMRFvYB5iKnULK1blnfLsE7w3Z3YOsNyankIzytb4OXauzYRqTiIXDG6j9JKC3Lw6kShw%2Fl5EjMP4DI5Jim5%2FhV%2FLF3CScC0IfW6WBSISkgUkryBue4EJEDSF4oM1LFDYKtGTfQabSebzg4kh4Xgbvfd%2BQFz2rpSzuzCfS%2FTF%2FTGxu1zRrnDOhc3VoCnalH7pNXmWqi6QygURpN2U2A%3D%3D","environmentVariables":{"FIREBASE_CONFIG":"{\"projectId\":\"ampac-mobile\",\"storageBucket\":\"ampac-mobile.firebasestorage.app\"}","GCLOUD_PROJECT":"ampac-mobile","EVENTARC_CLOUD_EVENT_SOURCE":"projects/ampac-mobile/locations/us-central1/functions/onApplicationUpdate"},"runtime":"nodejs20","buildId":"da48d853-649a-4fd0-9966-83b0d2830ab7","buildEnvironmentVariables":{"GOOGLE_NODE_RUN_SCRIPTS":""},"buildName":"projects/194431812308/locations/us-central1/builds/da48d853-649a-4fd0-9966-83b0d2830ab7","dockerRegistry":"ARTIFACT_REGISTRY","automaticUpdatePolicy":{},"buildServiceAccount":"projects/ampac-mobile/serviceAccounts/194431812308-compute@developer.gserviceaccount.com"},"versionId":"4","updateTime":"2025-12-03T00:37:09Z","buildId":"b6f164df-4ee9-4bd6-8d46-a20696edf3b3","buildName":"projects/194431812308/locations/us-central1/builds/b6f164df-4ee9-4bd6-8d46-a20696edf3b3"}}
